[debug] ----------------------------------------------------------------------
[debug] Command:      /usr/local/bin/node /usr/local/bin/firebase deploy --project fir-selfie-demo --token 1/PQFGGNu50HHv3AUVVlthqZAOdRurvJJ3udwGu7goGIk
[debug] CLI Version:  3.1.0
[debug] Platform:     linux
[debug] Node Version: v5.4.1
[debug] Time:         Thu Nov 17 2016 16:07:18 GMT+0800 (PHT)
[debug] ----------------------------------------------------------------------
[debug] 
[debug] > command requires scopes: ["email","openid","https://www.googleapis.com/auth/cloudplatformprojects.readonly","https://www.googleapis.com/auth/firebase"]
[debug] > refreshing access token with scopes: ["email","openid","https://www.googleapis.com/auth/cloudplatformprojects.readonly","https://www.googleapis.com/auth/firebase"]
[debug] >>> HTTP REQUEST POST https://www.googleapis.com/oauth2/v3/token
[debug] <<< HTTP RESPONSE 200
[debug] >>> HTTP REQUEST GET https://admin.firebase.com/v1/projects/fir-selfie-demo 
[debug] <<< HTTP RESPONSE 200
[debug] >>> HTTP REQUEST GET https://admin.firebase.com/v1/database/fir-selfie-demo/tokens 
[debug] <<< HTTP RESPONSE 200
[info] 
[info] === Deploying to 'fir-selfie-demo'...
[info] 
[info] i  deploying database, hosting
[info] ✔  database: rules ready to deploy.
[info] i  hosting: preparing public directory for upload...
[debug] >>> HTTP REQUEST PUT https://deploy.firebase.com/v1/hosting/fir-selfie-demo/uploads/-KWlJx3tcWpfkV333d59?fileCount=1&message= 
